<?xml version="1.0" encoding="UTF-8"?>
<testng-results ignored="0" total="1" passed="1" failed="0" skipped="0">
  <reporter-output>
  </reporter-output>
  <suite started-at="2023-06-25T23:24:39 IST" name="Default suite" finished-at="2023-06-25T23:25:29 IST" duration-ms="49519">
    <groups>
    </groups>
    <test started-at="2023-06-25T23:24:39 IST" name="Default test" finished-at="2023-06-25T23:25:29 IST" duration-ms="49519">
      <class name="test.testflow">
        <test-method signature="launch()[pri:0, instance:test.testflow@243c4f91]" started-at="2023-06-25T23:24:39 IST" name="launch" finished-at="2023-06-25T23:25:29 IST" duration-ms="49488" status="PASS">
          <reporter-output>
          </reporter-output>
        </test-method> <!-- launch -->
      </class> <!-- test.testflow -->
    </test> <!-- Default test -->
  </suite> <!-- Default suite -->
</testng-results>
